<?xml version="1.0" encoding="UTF-8"?>
<!-- Generated by org.testng.reporters.JUnitReportReporter -->
<testsuite skipped="0" hostname="Venkatesh" name="TestCases.cloudPlatform" tests="1" failures="0" timestamp="2020-11-10T11:35:11 IST" time="12.207" errors="0">
  <testcase name="cloudChromeWindowPlatform" time="12.207" classname="TestCases.cloudPlatform"/>
  <system-out/>
</testsuite> <!-- TestCases.cloudPlatform -->
