<?xml version="1.0" encoding="UTF-8"?>
<!-- Generated by org.testng.reporters.JUnitReportReporter -->
<testsuite skipped="0" hostname="Venkatesh" name="TestCases.cloudPlatform" tests="1" failures="0" timestamp="2020-11-09T13:45:22 IST" time="11.933" errors="0">
  <testcase name="cloudChromeWindowPlatform" time="11.933" classname="TestCases.cloudPlatform"/>
  <system-out/>
</testsuite> <!-- TestCases.cloudPlatform -->
