<?xml version="1.0" encoding="UTF-8"?>
<!-- Generated by org.testng.reporters.JUnitReportReporter -->
<testsuite skipped="0" hostname="Venkatesh" name="TestCases.HomePage" tests="1" failures="0" timestamp="2020-11-07T19:33:56 IST" time="3.783" errors="0">
  <testcase name="DBLogin" time="3.783" classname="TestCases.HomePage"/>
  <system-out/>
</testsuite> <!-- TestCases.HomePage -->
