<?xml version="1.0" encoding="UTF-8"?>
<!-- Generated by org.testng.reporters.JUnitReportReporter -->
<testsuite skipped="0" hostname="Venkatesh" name="TestCases.HomePage" tests="2" failures="0" timestamp="2020-11-07T19:45:02 IST" time="4.408" errors="0">
  <testcase name="LoginDBParameters" time="2.999" classname="TestCases.HomePage"/>
  <system-out/>
  <testcase name="homePagee" time="1.409" classname="TestCases.HomePage"/>
  <system-out/>
</testsuite> <!-- TestCases.HomePage -->
