<?xml version="1.0" encoding="UTF-8"?>
<!-- Generated by org.testng.reporters.JUnitReportReporter -->
<testsuite skipped="0" hostname="Venkatesh" name="TestCases.loginPage" tests="2" failures="0" timestamp="2020-11-07T19:45:02 IST" time="8.098" errors="0">
  <testcase name="loginPagee" time="2.575" classname="TestCases.loginPage"/>
  <system-out/>
  <testcase name="loginPagee" time="5.523" classname="TestCases.loginPage"/>
  <system-out/>
</testsuite> <!-- TestCases.loginPage -->
