<?xml version="1.0" encoding="UTF-8"?>
<!-- Generated by org.testng.reporters.JUnitReportReporter -->
<testsuite skipped="0" hostname="Venkatesh" name="TestCases.homePageNavigation" tests="1" failures="0" timestamp="2020-11-07T19:45:02 IST" time="2.526" errors="0">
  <testcase name="navigation" time="2.526" classname="TestCases.homePageNavigation"/>
  <system-out/>
</testsuite> <!-- TestCases.homePageNavigation -->
