<?xml version="1.0" encoding="UTF-8"?>
<!-- Generated by org.testng.reporters.JUnitReportReporter -->
<testsuite skipped="0" hostname="Venkatesh" name="TestCases.loginPage" tests="2" failures="0" timestamp="2020-11-10T17:13:46 IST" time="45.871" errors="0">
  <testcase name="loginPagee" time="22.848" classname="TestCases.loginPage"/>
  <system-out/>
  <testcase name="loginPagee" time="23.023" classname="TestCases.loginPage"/>
  <system-out/>
</testsuite> <!-- TestCases.loginPage -->
