<?xml version="1.0" encoding="UTF-8"?>
<!-- Generated by org.testng.reporters.JUnitReportReporter -->
<testsuite skipped="0" hostname="Venkatesh" name="TestCases.homePageNavigation" tests="2" failures="0" timestamp="2020-11-10T17:13:46 IST" time="50.193" errors="0">
  <testcase name="navigation" time="30.061" classname="TestCases.homePageNavigation"/>
  <system-out/>
  <testcase name="autoIT" time="20.132" classname="TestCases.homePageNavigation"/>
  <system-out/>
</testsuite> <!-- TestCases.homePageNavigation -->
