<?xml version="1.0" encoding="UTF-8"?>
<!-- Generated by org.testng.reporters.JUnitReportReporter -->
<testsuite skipped="0" hostname="Venkatesh" name="TestCases.HomePage" tests="2" failures="0" timestamp="2020-11-10T17:13:46 IST" time="26.128" errors="0">
  <testcase name="LoginDBParameters" time="12.860" classname="TestCases.HomePage"/>
  <system-out/>
  <testcase name="homePagee" time="13.268" classname="TestCases.HomePage"/>
  <system-out/>
</testsuite> <!-- TestCases.HomePage -->
